2024-12-12 20:21:45,320 - INFO - Anonymized telemetry enabled. See                     https://docs.trychroma.com/telemetry for more information.
2024-12-12 20:21:45,498 - INFO - ChromaDB client initialized
2024-12-12 20:21:45,667 - INFO - Found existing collection
2024-12-12 20:21:45,668 - INFO - Found 17 video files
2024-12-12 20:21:45,669 - INFO - Transcribing video (attempt 1): C:\Users\musku\Links\Pendrive\Shields course Fall 2024\class discussion videos\1.Background (PAO) #1.mp4
2024-12-12 20:21:45,669 - INFO - Transcribing video (attempt 1): C:\Users\musku\Links\Pendrive\Shields course Fall 2024\class discussion videos\2.Length-Tension #2.mp4
2024-12-12 20:21:45,669 - INFO - Transcribing video (attempt 1): C:\Users\musku\Links\Pendrive\Shields course Fall 2024\class discussion videos\3.Force-Velocity #3.mp4
2024-12-12 20:21:45,669 - ERROR - Error transcribing video C:\Users\musku\Links\Pendrive\Shields course Fall 2024\class discussion videos\1.Background (PAO) #1.mp4: Invalid URL 'None': No scheme supplied. Perhaps you meant https://None?
2024-12-12 20:21:45,669 - ERROR - Error transcribing video C:\Users\musku\Links\Pendrive\Shields course Fall 2024\class discussion videos\2.Length-Tension #2.mp4: Invalid URL 'None': No scheme supplied. Perhaps you meant https://None?
2024-12-12 20:21:45,669 - ERROR - Error transcribing video C:\Users\musku\Links\Pendrive\Shields course Fall 2024\class discussion videos\3.Force-Velocity #3.mp4: Invalid URL 'None': No scheme supplied. Perhaps you meant https://None?
2024-12-12 20:21:50,672 - INFO - Transcribing video (attempt 2): C:\Users\musku\Links\Pendrive\Shields course Fall 2024\class discussion videos\1.Background (PAO) #1.mp4
2024-12-12 20:21:50,672 - ERROR - Error transcribing video C:\Users\musku\Links\Pendrive\Shields course Fall 2024\class discussion videos\1.Background (PAO) #1.mp4: Invalid URL 'None': No scheme supplied. Perhaps you meant https://None?
2024-12-12 20:21:50,673 - INFO - Transcribing video (attempt 2): C:\Users\musku\Links\Pendrive\Shields course Fall 2024\class discussion videos\2.Length-Tension #2.mp4
2024-12-12 20:21:50,673 - INFO - Transcribing video (attempt 2): C:\Users\musku\Links\Pendrive\Shields course Fall 2024\class discussion videos\3.Force-Velocity #3.mp4
2024-12-12 20:21:50,673 - ERROR - Error transcribing video C:\Users\musku\Links\Pendrive\Shields course Fall 2024\class discussion videos\2.Length-Tension #2.mp4: Invalid URL 'None': No scheme supplied. Perhaps you meant https://None?
2024-12-12 20:21:50,673 - ERROR - Error transcribing video C:\Users\musku\Links\Pendrive\Shields course Fall 2024\class discussion videos\3.Force-Velocity #3.mp4: Invalid URL 'None': No scheme supplied. Perhaps you meant https://None?
2024-12-12 20:21:55,673 - INFO - Transcribing video (attempt 3): C:\Users\musku\Links\Pendrive\Shields course Fall 2024\class discussion videos\1.Background (PAO) #1.mp4
2024-12-12 20:21:55,674 - INFO - Transcribing video (attempt 3): C:\Users\musku\Links\Pendrive\Shields course Fall 2024\class discussion videos\2.Length-Tension #2.mp4
2024-12-12 20:21:55,674 - INFO - Transcribing video (attempt 3): C:\Users\musku\Links\Pendrive\Shields course Fall 2024\class discussion videos\3.Force-Velocity #3.mp4
2024-12-12 20:21:55,674 - ERROR - Error transcribing video C:\Users\musku\Links\Pendrive\Shields course Fall 2024\class discussion videos\1.Background (PAO) #1.mp4: Invalid URL 'None': No scheme supplied. Perhaps you meant https://None?
2024-12-12 20:21:55,674 - INFO - Transcribing video (attempt 1): C:\Users\musku\Links\Pendrive\Shields course Fall 2024\class discussion videos\4.Eccentrics #4.mp4
2024-12-12 20:21:55,674 - ERROR - Error transcribing video C:\Users\musku\Links\Pendrive\Shields course Fall 2024\class discussion videos\2.Length-Tension #2.mp4: Invalid URL 'None': No scheme supplied. Perhaps you meant https://None?
2024-12-12 20:21:55,674 - ERROR - Error transcribing video C:\Users\musku\Links\Pendrive\Shields course Fall 2024\class discussion videos\3.Force-Velocity #3.mp4: Invalid URL 'None': No scheme supplied. Perhaps you meant https://None?
2024-12-12 20:21:55,676 - INFO - Transcribing video (attempt 1): C:\Users\musku\Links\Pendrive\Shields course Fall 2024\class discussion videos\5.Muscle Activation #5.mp4
2024-12-12 20:21:55,676 - INFO - Transcribing video (attempt 1): C:\Users\musku\Links\Pendrive\Shields course Fall 2024\class discussion videos\6.Motor Units #6.mp4
2024-12-12 20:21:55,676 - ERROR - Error transcribing video C:\Users\musku\Links\Pendrive\Shields course Fall 2024\class discussion videos\4.Eccentrics #4.mp4: Invalid URL 'None': No scheme supplied. Perhaps you meant https://None?
2024-12-12 20:21:55,676 - ERROR - Error transcribing video C:\Users\musku\Links\Pendrive\Shields course Fall 2024\class discussion videos\5.Muscle Activation #5.mp4: Invalid URL 'None': No scheme supplied. Perhaps you meant https://None?
2024-12-12 20:21:55,676 - ERROR - Error transcribing video C:\Users\musku\Links\Pendrive\Shields course Fall 2024\class discussion videos\6.Motor Units #6.mp4: Invalid URL 'None': No scheme supplied. Perhaps you meant https://None?
2024-12-12 20:22:00,678 - INFO - Transcribing video (attempt 2): C:\Users\musku\Links\Pendrive\Shields course Fall 2024\class discussion videos\4.Eccentrics #4.mp4
2024-12-12 20:22:00,679 - INFO - Transcribing video (attempt 2): C:\Users\musku\Links\Pendrive\Shields course Fall 2024\class discussion videos\5.Muscle Activation #5.mp4
2024-12-12 20:22:00,679 - INFO - Transcribing video (attempt 2): C:\Users\musku\Links\Pendrive\Shields course Fall 2024\class discussion videos\6.Motor Units #6.mp4
2024-12-12 20:22:00,679 - ERROR - Error transcribing video C:\Users\musku\Links\Pendrive\Shields course Fall 2024\class discussion videos\4.Eccentrics #4.mp4: Invalid URL 'None': No scheme supplied. Perhaps you meant https://None?
2024-12-12 20:22:00,679 - ERROR - Error transcribing video C:\Users\musku\Links\Pendrive\Shields course Fall 2024\class discussion videos\5.Muscle Activation #5.mp4: Invalid URL 'None': No scheme supplied. Perhaps you meant https://None?
2024-12-12 20:22:00,679 - ERROR - Error transcribing video C:\Users\musku\Links\Pendrive\Shields course Fall 2024\class discussion videos\6.Motor Units #6.mp4: Invalid URL 'None': No scheme supplied. Perhaps you meant https://None?
2024-12-12 20:22:05,681 - INFO - Transcribing video (attempt 3): C:\Users\musku\Links\Pendrive\Shields course Fall 2024\class discussion videos\4.Eccentrics #4.mp4
2024-12-12 20:22:05,681 - INFO - Transcribing video (attempt 3): C:\Users\musku\Links\Pendrive\Shields course Fall 2024\class discussion videos\5.Muscle Activation #5.mp4
2024-12-12 20:22:05,681 - INFO - Transcribing video (attempt 3): C:\Users\musku\Links\Pendrive\Shields course Fall 2024\class discussion videos\6.Motor Units #6.mp4
2024-12-12 20:22:05,681 - ERROR - Error transcribing video C:\Users\musku\Links\Pendrive\Shields course Fall 2024\class discussion videos\5.Muscle Activation #5.mp4: Invalid URL 'None': No scheme supplied. Perhaps you meant https://None?
2024-12-12 20:22:05,681 - ERROR - Error transcribing video C:\Users\musku\Links\Pendrive\Shields course Fall 2024\class discussion videos\4.Eccentrics #4.mp4: Invalid URL 'None': No scheme supplied. Perhaps you meant https://None?
2024-12-12 20:22:05,681 - ERROR - Error transcribing video C:\Users\musku\Links\Pendrive\Shields course Fall 2024\class discussion videos\6.Motor Units #6.mp4: Invalid URL 'None': No scheme supplied. Perhaps you meant https://None?
2024-12-12 20:22:05,681 - INFO - Transcribing video (attempt 1): C:\Users\musku\Links\Pendrive\Shields course Fall 2024\class discussion videos\7.Plasticity and Muscle Mechanics #7.mp4
2024-12-12 20:22:05,681 - INFO - Transcribing video (attempt 1): C:\Users\musku\Links\Pendrive\Shields course Fall 2024\class discussion videos\Friday_ August 30_ 2024 at 7_47_40 AM.mp4
2024-12-12 20:22:05,681 - INFO - Transcribing video (attempt 1): C:\Users\musku\Links\Pendrive\Shields course Fall 2024\class discussion videos\Friday_ September 13_ 2024 at 7_44_33 AM.mp4
2024-12-12 20:22:05,681 - ERROR - Error transcribing video C:\Users\musku\Links\Pendrive\Shields course Fall 2024\class discussion videos\7.Plasticity and Muscle Mechanics #7.mp4: Invalid URL 'None': No scheme supplied. Perhaps you meant https://None?
2024-12-12 20:22:05,681 - ERROR - Error transcribing video C:\Users\musku\Links\Pendrive\Shields course Fall 2024\class discussion videos\Friday_ August 30_ 2024 at 7_47_40 AM.mp4: Invalid URL 'None': No scheme supplied. Perhaps you meant https://None?
2024-12-12 20:22:05,681 - ERROR - Error transcribing video C:\Users\musku\Links\Pendrive\Shields course Fall 2024\class discussion videos\Friday_ September 13_ 2024 at 7_44_33 AM.mp4: Invalid URL 'None': No scheme supplied. Perhaps you meant https://None?
2024-12-12 20:22:10,685 - INFO - Transcribing video (attempt 2): C:\Users\musku\Links\Pendrive\Shields course Fall 2024\class discussion videos\7.Plasticity and Muscle Mechanics #7.mp4
2024-12-12 20:22:10,685 - INFO - Transcribing video (attempt 2): C:\Users\musku\Links\Pendrive\Shields course Fall 2024\class discussion videos\Friday_ August 30_ 2024 at 7_47_40 AM.mp4
2024-12-12 20:22:10,686 - INFO - Transcribing video (attempt 2): C:\Users\musku\Links\Pendrive\Shields course Fall 2024\class discussion videos\Friday_ September 13_ 2024 at 7_44_33 AM.mp4
2024-12-12 20:22:10,686 - ERROR - Error transcribing video C:\Users\musku\Links\Pendrive\Shields course Fall 2024\class discussion videos\7.Plasticity and Muscle Mechanics #7.mp4: Invalid URL 'None': No scheme supplied. Perhaps you meant https://None?
2024-12-12 20:22:10,686 - ERROR - Error transcribing video C:\Users\musku\Links\Pendrive\Shields course Fall 2024\class discussion videos\Friday_ August 30_ 2024 at 7_47_40 AM.mp4: Invalid URL 'None': No scheme supplied. Perhaps you meant https://None?
2024-12-12 20:22:10,686 - ERROR - Error transcribing video C:\Users\musku\Links\Pendrive\Shields course Fall 2024\class discussion videos\Friday_ September 13_ 2024 at 7_44_33 AM.mp4: Invalid URL 'None': No scheme supplied. Perhaps you meant https://None?
2024-12-12 20:22:15,687 - INFO - Transcribing video (attempt 3): C:\Users\musku\Links\Pendrive\Shields course Fall 2024\class discussion videos\7.Plasticity and Muscle Mechanics #7.mp4
2024-12-12 20:22:15,687 - INFO - Transcribing video (attempt 3): C:\Users\musku\Links\Pendrive\Shields course Fall 2024\class discussion videos\Friday_ August 30_ 2024 at 7_47_40 AM.mp4
2024-12-12 20:22:15,688 - INFO - Transcribing video (attempt 3): C:\Users\musku\Links\Pendrive\Shields course Fall 2024\class discussion videos\Friday_ September 13_ 2024 at 7_44_33 AM.mp4
2024-12-12 20:22:15,688 - ERROR - Error transcribing video C:\Users\musku\Links\Pendrive\Shields course Fall 2024\class discussion videos\7.Plasticity and Muscle Mechanics #7.mp4: Invalid URL 'None': No scheme supplied. Perhaps you meant https://None?
2024-12-12 20:22:15,688 - ERROR - Error transcribing video C:\Users\musku\Links\Pendrive\Shields course Fall 2024\class discussion videos\Friday_ August 30_ 2024 at 7_47_40 AM.mp4: Invalid URL 'None': No scheme supplied. Perhaps you meant https://None?
2024-12-12 20:22:15,688 - INFO - Transcribing video (attempt 1): C:\Users\musku\Links\Pendrive\Shields course Fall 2024\class discussion videos\Friday_ September 20_ 2024 at 7_44_59 AM.mp4
2024-12-12 20:22:15,688 - INFO - Transcribing video (attempt 1): C:\Users\musku\Links\Pendrive\Shields course Fall 2024\class discussion videos\Friday_ September 27_ 2024 at 7_46_38 AM.mp4
2024-12-12 20:22:15,688 - ERROR - Error transcribing video C:\Users\musku\Links\Pendrive\Shields course Fall 2024\class discussion videos\Friday_ September 13_ 2024 at 7_44_33 AM.mp4: Invalid URL 'None': No scheme supplied. Perhaps you meant https://None?
2024-12-12 20:22:15,688 - INFO - Transcribing video (attempt 1): C:\Users\musku\Links\Pendrive\Shields course Fall 2024\class discussion videos\Friday_ September 6_ 2024 at 7_43_51 AM.mp4
2024-12-12 20:22:15,688 - ERROR - Error transcribing video C:\Users\musku\Links\Pendrive\Shields course Fall 2024\class discussion videos\Friday_ September 20_ 2024 at 7_44_59 AM.mp4: Invalid URL 'None': No scheme supplied. Perhaps you meant https://None?
2024-12-12 20:22:15,688 - ERROR - Error transcribing video C:\Users\musku\Links\Pendrive\Shields course Fall 2024\class discussion videos\Friday_ September 27_ 2024 at 7_46_38 AM.mp4: Invalid URL 'None': No scheme supplied. Perhaps you meant https://None?
2024-12-12 20:22:15,688 - ERROR - Error transcribing video C:\Users\musku\Links\Pendrive\Shields course Fall 2024\class discussion videos\Friday_ September 6_ 2024 at 7_43_51 AM.mp4: Invalid URL 'None': No scheme supplied. Perhaps you meant https://None?
2024-12-12 20:22:20,691 - INFO - Transcribing video (attempt 2): C:\Users\musku\Links\Pendrive\Shields course Fall 2024\class discussion videos\Friday_ September 20_ 2024 at 7_44_59 AM.mp4
2024-12-12 20:22:20,691 - INFO - Transcribing video (attempt 2): C:\Users\musku\Links\Pendrive\Shields course Fall 2024\class discussion videos\Friday_ September 27_ 2024 at 7_46_38 AM.mp4
2024-12-12 20:22:20,692 - INFO - Transcribing video (attempt 2): C:\Users\musku\Links\Pendrive\Shields course Fall 2024\class discussion videos\Friday_ September 6_ 2024 at 7_43_51 AM.mp4
2024-12-12 20:22:20,692 - ERROR - Error transcribing video C:\Users\musku\Links\Pendrive\Shields course Fall 2024\class discussion videos\Friday_ September 20_ 2024 at 7_44_59 AM.mp4: Invalid URL 'None': No scheme supplied. Perhaps you meant https://None?
2024-12-12 20:22:20,692 - ERROR - Error transcribing video C:\Users\musku\Links\Pendrive\Shields course Fall 2024\class discussion videos\Friday_ September 27_ 2024 at 7_46_38 AM.mp4: Invalid URL 'None': No scheme supplied. Perhaps you meant https://None?
2024-12-12 20:22:20,692 - ERROR - Error transcribing video C:\Users\musku\Links\Pendrive\Shields course Fall 2024\class discussion videos\Friday_ September 6_ 2024 at 7_43_51 AM.mp4: Invalid URL 'None': No scheme supplied. Perhaps you meant https://None?
2024-12-12 20:22:25,693 - INFO - Transcribing video (attempt 3): C:\Users\musku\Links\Pendrive\Shields course Fall 2024\class discussion videos\Friday_ September 27_ 2024 at 7_46_38 AM.mp4
2024-12-12 20:22:25,694 - INFO - Transcribing video (attempt 3): C:\Users\musku\Links\Pendrive\Shields course Fall 2024\class discussion videos\Friday_ September 20_ 2024 at 7_44_59 AM.mp4
2024-12-12 20:22:25,694 - INFO - Transcribing video (attempt 3): C:\Users\musku\Links\Pendrive\Shields course Fall 2024\class discussion videos\Friday_ September 6_ 2024 at 7_43_51 AM.mp4
2024-12-12 20:22:25,694 - ERROR - Error transcribing video C:\Users\musku\Links\Pendrive\Shields course Fall 2024\class discussion videos\Friday_ September 27_ 2024 at 7_46_38 AM.mp4: Invalid URL 'None': No scheme supplied. Perhaps you meant https://None?
2024-12-12 20:22:25,694 - INFO - Transcribing video (attempt 1): C:\Users\musku\Links\Pendrive\Shields course Fall 2024\class discussion videos\Wednesday_ August 28_ 2024 at 7_52_10 AM.mp4
2024-12-12 20:22:25,694 - ERROR - Error transcribing video C:\Users\musku\Links\Pendrive\Shields course Fall 2024\class discussion videos\Friday_ September 20_ 2024 at 7_44_59 AM.mp4: Invalid URL 'None': No scheme supplied. Perhaps you meant https://None?
2024-12-12 20:22:25,694 - ERROR - Error transcribing video C:\Users\musku\Links\Pendrive\Shields course Fall 2024\class discussion videos\Friday_ September 6_ 2024 at 7_43_51 AM.mp4: Invalid URL 'None': No scheme supplied. Perhaps you meant https://None?
2024-12-12 20:22:25,694 - INFO - Transcribing video (attempt 1): C:\Users\musku\Links\Pendrive\Shields course Fall 2024\class discussion videos\Wednesday_ September 11_ 2024 at 7_59_28 AM.mp4
2024-12-12 20:22:25,696 - INFO - Transcribing video (attempt 1): C:\Users\musku\Links\Pendrive\Shields course Fall 2024\class discussion videos\Wednesday_ September 18_ 2024 at 7_48_49 AM.mp4
2024-12-12 20:22:25,696 - ERROR - Error transcribing video C:\Users\musku\Links\Pendrive\Shields course Fall 2024\class discussion videos\Wednesday_ August 28_ 2024 at 7_52_10 AM.mp4: Invalid URL 'None': No scheme supplied. Perhaps you meant https://None?
2024-12-12 20:22:25,696 - ERROR - Error transcribing video C:\Users\musku\Links\Pendrive\Shields course Fall 2024\class discussion videos\Wednesday_ September 11_ 2024 at 7_59_28 AM.mp4: Invalid URL 'None': No scheme supplied. Perhaps you meant https://None?
2024-12-12 20:22:25,696 - ERROR - Error transcribing video C:\Users\musku\Links\Pendrive\Shields course Fall 2024\class discussion videos\Wednesday_ September 18_ 2024 at 7_48_49 AM.mp4: Invalid URL 'None': No scheme supplied. Perhaps you meant https://None?
2024-12-12 20:22:30,697 - INFO - Transcribing video (attempt 2): C:\Users\musku\Links\Pendrive\Shields course Fall 2024\class discussion videos\Wednesday_ August 28_ 2024 at 7_52_10 AM.mp4
2024-12-12 20:22:30,697 - INFO - Transcribing video (attempt 2): C:\Users\musku\Links\Pendrive\Shields course Fall 2024\class discussion videos\Wednesday_ September 11_ 2024 at 7_59_28 AM.mp4
2024-12-12 20:22:30,697 - INFO - Transcribing video (attempt 2): C:\Users\musku\Links\Pendrive\Shields course Fall 2024\class discussion videos\Wednesday_ September 18_ 2024 at 7_48_49 AM.mp4
2024-12-12 20:22:30,697 - ERROR - Error transcribing video C:\Users\musku\Links\Pendrive\Shields course Fall 2024\class discussion videos\Wednesday_ August 28_ 2024 at 7_52_10 AM.mp4: Invalid URL 'None': No scheme supplied. Perhaps you meant https://None?
2024-12-12 20:22:30,697 - ERROR - Error transcribing video C:\Users\musku\Links\Pendrive\Shields course Fall 2024\class discussion videos\Wednesday_ September 11_ 2024 at 7_59_28 AM.mp4: Invalid URL 'None': No scheme supplied. Perhaps you meant https://None?
2024-12-12 20:22:30,698 - ERROR - Error transcribing video C:\Users\musku\Links\Pendrive\Shields course Fall 2024\class discussion videos\Wednesday_ September 18_ 2024 at 7_48_49 AM.mp4: Invalid URL 'None': No scheme supplied. Perhaps you meant https://None?
2024-12-12 20:22:35,699 - INFO - Transcribing video (attempt 3): C:\Users\musku\Links\Pendrive\Shields course Fall 2024\class discussion videos\Wednesday_ August 28_ 2024 at 7_52_10 AM.mp4
2024-12-12 20:22:35,699 - INFO - Transcribing video (attempt 3): C:\Users\musku\Links\Pendrive\Shields course Fall 2024\class discussion videos\Wednesday_ September 11_ 2024 at 7_59_28 AM.mp4
2024-12-12 20:22:35,699 - INFO - Transcribing video (attempt 3): C:\Users\musku\Links\Pendrive\Shields course Fall 2024\class discussion videos\Wednesday_ September 18_ 2024 at 7_48_49 AM.mp4
2024-12-12 20:22:35,699 - ERROR - Error transcribing video C:\Users\musku\Links\Pendrive\Shields course Fall 2024\class discussion videos\Wednesday_ August 28_ 2024 at 7_52_10 AM.mp4: Invalid URL 'None': No scheme supplied. Perhaps you meant https://None?
2024-12-12 20:22:35,700 - INFO - Transcribing video (attempt 1): C:\Users\musku\Links\Pendrive\Shields course Fall 2024\class discussion videos\Wednesday_ September 25_ 2024 at 7_49_41 AM.mp4
2024-12-12 20:22:35,700 - ERROR - Error transcribing video C:\Users\musku\Links\Pendrive\Shields course Fall 2024\class discussion videos\Wednesday_ September 11_ 2024 at 7_59_28 AM.mp4: Invalid URL 'None': No scheme supplied. Perhaps you meant https://None?
2024-12-12 20:22:35,700 - INFO - Transcribing video (attempt 1): C:\Users\musku\Links\Pendrive\Shields course Fall 2024\class discussion videos\Wednesday_ September 4_ 2024 at 7_49_21 AM.mp4
2024-12-12 20:22:35,701 - ERROR - Error transcribing video C:\Users\musku\Links\Pendrive\Shields course Fall 2024\class discussion videos\Wednesday_ September 18_ 2024 at 7_48_49 AM.mp4: Invalid URL 'None': No scheme supplied. Perhaps you meant https://None?
2024-12-12 20:22:35,701 - ERROR - Error transcribing video C:\Users\musku\Links\Pendrive\Shields course Fall 2024\class discussion videos\Wednesday_ September 25_ 2024 at 7_49_41 AM.mp4: Invalid URL 'None': No scheme supplied. Perhaps you meant https://None?
2024-12-12 20:22:35,701 - ERROR - Error transcribing video C:\Users\musku\Links\Pendrive\Shields course Fall 2024\class discussion videos\Wednesday_ September 4_ 2024 at 7_49_21 AM.mp4: Invalid URL 'None': No scheme supplied. Perhaps you meant https://None?
2024-12-12 20:22:40,703 - INFO - Transcribing video (attempt 2): C:\Users\musku\Links\Pendrive\Shields course Fall 2024\class discussion videos\Wednesday_ September 4_ 2024 at 7_49_21 AM.mp4
2024-12-12 20:22:40,703 - INFO - Transcribing video (attempt 2): C:\Users\musku\Links\Pendrive\Shields course Fall 2024\class discussion videos\Wednesday_ September 25_ 2024 at 7_49_41 AM.mp4
2024-12-12 20:22:40,703 - ERROR - Error transcribing video C:\Users\musku\Links\Pendrive\Shields course Fall 2024\class discussion videos\Wednesday_ September 4_ 2024 at 7_49_21 AM.mp4: Invalid URL 'None': No scheme supplied. Perhaps you meant https://None?
2024-12-12 20:22:40,703 - ERROR - Error transcribing video C:\Users\musku\Links\Pendrive\Shields course Fall 2024\class discussion videos\Wednesday_ September 25_ 2024 at 7_49_41 AM.mp4: Invalid URL 'None': No scheme supplied. Perhaps you meant https://None?
2024-12-12 20:22:45,705 - INFO - Transcribing video (attempt 3): C:\Users\musku\Links\Pendrive\Shields course Fall 2024\class discussion videos\Wednesday_ September 25_ 2024 at 7_49_41 AM.mp4
2024-12-12 20:22:45,705 - INFO - Transcribing video (attempt 3): C:\Users\musku\Links\Pendrive\Shields course Fall 2024\class discussion videos\Wednesday_ September 4_ 2024 at 7_49_21 AM.mp4
2024-12-12 20:22:45,706 - ERROR - Error transcribing video C:\Users\musku\Links\Pendrive\Shields course Fall 2024\class discussion videos\Wednesday_ September 25_ 2024 at 7_49_41 AM.mp4: Invalid URL 'None': No scheme supplied. Perhaps you meant https://None?
2024-12-12 20:22:45,706 - ERROR - Error transcribing video C:\Users\musku\Links\Pendrive\Shields course Fall 2024\class discussion videos\Wednesday_ September 4_ 2024 at 7_49_21 AM.mp4: Invalid URL 'None': No scheme supplied. Perhaps you meant https://None?
2024-12-12 20:22:45,708 - WARNING - No content to store in ChromaDB
2024-12-12 20:22:45,708 - INFO - Processing completed successfully!
